/usr/local/lib/python3.10/dist-packages/huggingface_hub/file_download.py:1150: FutureWarning: `resume_download` is deprecated and will be removed in version 1.0.0. Downloads always resume when possible. If you want to force a new download, use `force_download=True`.
  warnings.warn(
/usr/local/lib/python3.10/dist-packages/bitsandbytes/cuda_setup/main.py:149: UserWarning: /usr/lib64-nvidia did not contain ['libcudart.so', 'libcudart.so.11.0', 'libcudart.so.12.0'] as expected! Searching further paths...
  warn(msg)
/usr/local/lib/python3.10/dist-packages/bitsandbytes/cuda_setup/main.py:149: UserWarning: WARNING: The following directories listed in your path were found to be non-existent: {PosixPath('/sys/fs/cgroup/memory.events /var/colab/cgroup/jupyter-children/memory.events')}
  warn(msg)
/usr/local/lib/python3.10/dist-packages/bitsandbytes/cuda_setup/main.py:149: UserWarning: WARNING: The following directories listed in your path were found to be non-existent: {PosixPath('8013'), PosixPath('http'), PosixPath('//172.28.0.1')}
  warn(msg)
/usr/local/lib/python3.10/dist-packages/bitsandbytes/cuda_setup/main.py:149: UserWarning: WARNING: The following directories listed in your path were found to be non-existent: {PosixPath('//colab.research.google.com/tun/m/cc48301118ce562b961b3c22d803539adc1e0c19/gpu-t4-s-bb915akn5b9f --tunnel_background_save_delay=10s --tunnel_periodic_background_save_frequency=30m0s --enable_output_coalescing=true --output_coalescing_required=true'), PosixPath('--logtostderr --listen_host=172.28.0.12 --target_host=172.28.0.12 --tunnel_background_save_url=https')}
  warn(msg)
/usr/local/lib/python3.10/dist-packages/bitsandbytes/cuda_setup/main.py:149: UserWarning: WARNING: The following directories listed in your path were found to be non-existent: {PosixPath('/datalab/web/pyright/typeshed-fallback/stdlib,/usr/local/lib/python3.10/dist-packages')}
  warn(msg)
/usr/local/lib/python3.10/dist-packages/bitsandbytes/cuda_setup/main.py:149: UserWarning: WARNING: The following directories listed in your path were found to be non-existent: {PosixPath('/env/python')}
  warn(msg)
/usr/local/lib/python3.10/dist-packages/bitsandbytes/cuda_setup/main.py:149: UserWarning: WARNING: The following directories listed in your path were found to be non-existent: {PosixPath('//ipykernel.pylab.backend_inline'), PosixPath('module')}
  warn(msg)
2024-10-22 17:40:42.729250: E external/local_xla/xla/stream_executor/cuda/cuda_fft.cc:485] Unable to register cuFFT factory: Attempting to register factory for plugin cuFFT when one has already been registered
2024-10-22 17:40:42.750056: E external/local_xla/xla/stream_executor/cuda/cuda_dnn.cc:8454] Unable to register cuDNN factory: Attempting to register factory for plugin cuDNN when one has already been registered
2024-10-22 17:40:42.756244: E external/local_xla/xla/stream_executor/cuda/cuda_blas.cc:1452] Unable to register cuBLAS factory: Attempting to register factory for plugin cuBLAS when one has already been registered
2024-10-22 17:40:44.144994: W tensorflow/compiler/tf2tensorrt/utils/py_utils.cc:38] TF-TRT Warning: Could not find TensorRT
/usr/local/lib/python3.10/dist-packages/huggingface_hub/file_download.py:1150: FutureWarning: `resume_download` is deprecated and will be removed in version 1.0.0. Downloads always resume when possible. If you want to force a new download, use `force_download=True`.
  warnings.warn(
Working with deepseek-ai/deepseek-coder-6.7b-instruct prompt type True...

===================================BUG REPORT===================================
Welcome to bitsandbytes. For bug reports, please run

python -m bitsandbytes

 and submit this information together with your error trace to: https://github.com/TimDettmers/bitsandbytes/issues
================================================================================
bin /usr/local/lib/python3.10/dist-packages/bitsandbytes/libbitsandbytes_cuda122.so
CUDA_SETUP: WARNING! libcudart.so not found in any environmental path. Searching in backup paths...
CUDA SETUP: CUDA runtime path found: /usr/local/cuda/lib64/libcudart.so
CUDA SETUP: Highest compute capability among GPUs detected: 7.5
CUDA SETUP: Detected CUDA version 122
CUDA SETUP: Loading binary /usr/local/lib/python3.10/dist-packages/bitsandbytes/libbitsandbytes_cuda122.so...
Downloading shards:   0%|          | 0/2 [00:00<?, ?it/s]Downloading shards:  50%|█████     | 1/2 [01:34<01:34, 94.20s/it]Downloading shards: 100%|██████████| 2/2 [02:26<00:00, 69.64s/it]Downloading shards: 100%|██████████| 2/2 [02:26<00:00, 73.33s/it]
Loading checkpoint shards:   0%|          | 0/2 [00:00<?, ?it/s]Loading checkpoint shards:  50%|█████     | 1/2 [00:52<00:52, 52.07s/it]Loading checkpoint shards: 100%|██████████| 2/2 [01:10<00:00, 32.16s/it]Loading checkpoint shards: 100%|██████████| 2/2 [01:10<00:00, 35.14s/it]
Some weights of LlamaForCausalLM were not initialized from the model checkpoint at deepseek-ai/deepseek-coder-6.7b-instruct and are newly initialized: ['model.layers.12.self_attn.rotary_emb.inv_freq', 'model.layers.11.self_attn.rotary_emb.inv_freq', 'model.layers.16.self_attn.rotary_emb.inv_freq', 'model.layers.2.self_attn.rotary_emb.inv_freq', 'model.layers.22.self_attn.rotary_emb.inv_freq', 'model.layers.6.self_attn.rotary_emb.inv_freq', 'model.layers.14.self_attn.rotary_emb.inv_freq', 'model.layers.3.self_attn.rotary_emb.inv_freq', 'model.layers.28.self_attn.rotary_emb.inv_freq', 'model.layers.13.self_attn.rotary_emb.inv_freq', 'model.layers.27.self_attn.rotary_emb.inv_freq', 'model.layers.19.self_attn.rotary_emb.inv_freq', 'model.layers.1.self_attn.rotary_emb.inv_freq', 'model.layers.29.self_attn.rotary_emb.inv_freq', 'model.layers.10.self_attn.rotary_emb.inv_freq', 'model.layers.21.self_attn.rotary_emb.inv_freq', 'model.layers.18.self_attn.rotary_emb.inv_freq', 'model.layers.23.self_attn.rotary_emb.inv_freq', 'model.layers.20.self_attn.rotary_emb.inv_freq', 'model.layers.15.self_attn.rotary_emb.inv_freq', 'model.layers.25.self_attn.rotary_emb.inv_freq', 'model.layers.5.self_attn.rotary_emb.inv_freq', 'model.layers.7.self_attn.rotary_emb.inv_freq', 'model.layers.30.self_attn.rotary_emb.inv_freq', 'model.layers.17.self_attn.rotary_emb.inv_freq', 'model.layers.8.self_attn.rotary_emb.inv_freq', 'model.layers.9.self_attn.rotary_emb.inv_freq', 'model.layers.4.self_attn.rotary_emb.inv_freq', 'model.layers.26.self_attn.rotary_emb.inv_freq', 'model.layers.24.self_attn.rotary_emb.inv_freq', 'model.layers.0.self_attn.rotary_emb.inv_freq', 'model.layers.31.self_attn.rotary_emb.inv_freq']
You should probably TRAIN this model on a down-stream task to be able to use it for predictions and inference.
/usr/local/lib/python3.10/dist-packages/transformers/generation/utils.py:1270: UserWarning: You have modified the pretrained model configuration to control generation. This is a deprecated strategy to control generation and will be removed soon, in a future version. Please use a generation configuration file (see https://huggingface.co/docs/transformers/main_classes/text_generation )
  warnings.warn(
Function definition written to ./Coverage/vanilla/HumanEval/107/function.py
def test_even_odd_palindrome():
    assert even_odd_palindrome(3) == (1, 2)
    assert even_odd_palindrome(12) == (4, 6)
    assert even_odd_palindrome(1) == (0, 1)
    assert even_odd_palindrome(1000) == (247, 495)
Test written to ./Coverage/vanilla/HumanEval/107/107_test.py
Total Coverage: 100%
Task_ID HumanEval/107:
prompt:
You are an AI programming assistant. You are an AI programming assistant, utilizing the DeepSeek Coder model, developed by DeepSeek Company, and you only answer questions related to computer science. For politically sensitive questions, security and privacy issues, and other non-computer science questions, you will refuse to answer.
### Instruction:
Generate a pytest test suite for the following code.
Only write unit tests between the tokens `<START_TESTS>` and `<END_TESTS>`
 . The function is provided below: Function definition: 
 
def even_odd_palindrome(n):
    """
    Given a positive integer n, return a tuple that has the number of even and odd
    integer palindromes that fall within the range(1, n), inclusive.

    Example 1:

        Input: 3
        Output: (1, 2)
        Explanation:
        Integer palindrome are 1, 2, 3. one of them is even, and two of them are odd.

    Example 2:

        Input: 12
        Output: (4, 6)
        Explanation:
        Integer palindrome are 1, 2, 3, 4, 5, 6, 7, 8, 9, 11. four of them are even, and 6 of them are odd.

    Note:
        1. 1 <= n <= 10^3
        2. returned tuple has the number of even and odd integer palindromes respectively.
    """
    def is_palindrome(n):
        return str(n) == str(n)[::-1]

    even_palindrome_count = 0
    odd_palindrome_count = 0

    for i in range(1, n+1):
        if i%2 == 1 and is_palindrome(i):
                odd_palindrome_count += 1
        elif i%2 == 0 and is_palindrome(i):
            even_palindrome_count += 1
    return (even_palindrome_count, odd_palindrome_count)

response:

<START_TESTS>

def test_even_odd_palindrome():
    assert even_odd_palindrome(3) == (1, 2)
    assert even_odd_palindrome(12) == (4, 6)
    assert even_odd_palindrome(1) == (0, 1)
    assert even_odd_palindrome(1000) == (247, 495)

<END_TESTS>

coverage:
100
Function definition written to ./Coverage/vanilla/HumanEval/0/function.py
No test cases found between <START_TESTS> and <END_TESTS> tokens.
Test written to ./Coverage/vanilla/HumanEval/0/0_test.py
Total Coverage: 0%
Task_ID HumanEval/0:
prompt:
You are an AI programming assistant. You are an AI programming assistant, utilizing the DeepSeek Coder model, developed by DeepSeek Company, and you only answer questions related to computer science. For politically sensitive questions, security and privacy issues, and other non-computer science questions, you will refuse to answer.
### Instruction:
Generate a pytest test suite for the following code.
Only write unit tests between the tokens `<START_TESTS>` and `<END_TESTS>`
 . The function is provided below: Function definition: 
 from typing import List


def has_close_elements(numbers: List[float], threshold: float) -> bool:
    """ Check if in given list of numbers, are any two numbers closer to each other than
    given threshold.
    >>> has_close_elements([1.0, 2.0, 3.0], 0.5)
    False
    >>> has_close_elements([1.0, 2.8, 3.0, 4.0, 5.0, 2.0], 0.3)
    True
    """
    for idx, elem in enumerate(numbers):
        for idx2, elem2 in enumerate(numbers):
            if idx != idx2:
                distance = abs(elem - elem2)
                if distance < threshold:
                    return True

    return False

response:

<START_TESTS>

import pytest

def test_has_close_elements():
    assert has_close_elements([1.0, 2.0, 3.0], 0.5) == False
    assert has_close_elements([1.0, 2.8, 3.0, 4.0, 5.0, 2.0], 0.3) == True
    assert has_close_elements([1.0, 2.0, 3.0], 0.5) == False
    assert has_close_elements([1.0, 2.8, 3.0, 4.0, 5.0, 2.0], 0.3) == True
    assert has_close_elements([1.0, 2.0, 3.0], 0.5) == False
    assert has_close_elements([1.0, 2.8, 3.0, 4.0, 5.0, 2.0], 0.3) == True
    assert has_close_elements([1.0, 2.0, 3.0], 0.5) == False
    assert has_close_elements([1.0, 2.8, 3.0, 4.0, 5.0, 2.0], 0.3) == True
    assert has_close_elements([1.0, 2.0, 3.0], 0.5) == False
    assert has_close_elements([1.0, 2.8, 3.0, 4.0, 5.0, 2.0], 0.3) == True
    assert has_close_elements([1.0, 2.0, 3.0], 0.5) == False
    assert has_close_elements([1.0, 2.8, 3.0, 4.0, 5.0, 2.0], 0.3) == True
    assert has_close_elements([1.0, 2.0, 3.0], 0.5) == False
    assert has_close_elements([1.0, 2.8, 3.0, 4.0, 5.0, 2.0], 0.3) == True
    assert has_close_elements([1.0, 2.0, 3.0], 0.5) == False
    assert has_close_elements([1.0, 2.8, 3.0, 4.0, 5.0, 2.0], 0.3) == True
    assert has_close_elements([1.0, 2.0, 3.0], 0.5) == False
    assert has_close_elements([1.0, 2.8, 3.0, 4.0, 5.0, 2.0], 0.3) == True
    assert has_close_elements([1.0, 2.0, 3.0], 0.5) == False
    assert has_close_elements([1.0, 2.8, 3.0, 4.0, 5.0, 2.0], 0.3) == True
    assert has_close_elements([1.0, 2.0, 3.0], 0.5) == False
    assert has_close_elements([1.0, 2.8, 3.0, 4.0, 5.0, 2.0], 0.3) == True
    assert has_close_elements([1.0, 2.0, 3.0], 0.5) == False
    assert has_close_elements([1.0, 2.8, 3.0, 4.0, 5.0, 2.0], 0.3) == True
    assert has_close_elements([1.0, 2.0, 3.0], 0.5) == False
    assert has_close_elements([1.0, 2.8, 3.0, 4.0, 5.0, 2.0], 0.3) == True
    assert has_close_elements([1.0, 2.0, 3.0], 0.5) == False
    assert has_close_elements([1.0, 2.8, 3.0, 4.0, 5.0, 2.0], 0.3) == True
    assert has_close_elements([1.0, 2.0, 3.0], 0.5) == False
    assert has_close_elements([1.0, 2.8, 3.0, 4.0, 5.0, 2.0], 0.3) == True
    assert has_close_elements([1.0, 2.0, 3.0], 0.5) == False
    assert has_close_elements([1.0, 2.8, 3.0, 4.0, 5.0, 2.0], 0.3) == True
    assert has_close_elements([1.0, 2.0, 3.0], 0.5) == False
    assert has_close_elements([1.0, 2.8, 3.0, 4.0, 5.0, 2.0], 0.3) == True
    assert has_close_elements([1.0, 2.0, 3.0], 0.5) == False
    assert has_close_elements([1.0, 2.8, 3.0, 4.0, 5.0, 2.0], 0.3) == True
    assert has_close_elements([1.0, 2.0, 3.0], 0.5) == False
    assert has_close_elements([1.0, 2.8, 3.0, 4.0, 5.0, 2.0], 0.3) == True
    assert has_close_elements([1.0, 2.0, 3.0], 0.5) == False
    assert has_close_elements([1.0, 2.8, 3.0, 4.0, 5.0, 2.0], 0.3) == True
    assert has_close_elements([1.0, 2.0, 3.0], 0.5) == False
    assert has_close_elements([1.0, 2.8, 3.0, 4.0, 5.0, 2.0], 0.3) == True
    assert has_close_elements([1.0, 2.0, 3.0], 0.5) == False
    assert has_close_elements([1.0, 2.8, 3.0, 4.0, 5.0, 2.0], 0.3) == True
    assert has_close
coverage:
0
Function definition written to ./Coverage/vanilla/HumanEval/1/function.py
No test cases found between <START_TESTS> and <END_TESTS> tokens.
Test written to ./Coverage/vanilla/HumanEval/1/1_test.py
Total Coverage: 0%
Task_ID HumanEval/1:
prompt:
You are an AI programming assistant. You are an AI programming assistant, utilizing the DeepSeek Coder model, developed by DeepSeek Company, and you only answer questions related to computer science. For politically sensitive questions, security and privacy issues, and other non-computer science questions, you will refuse to answer.
### Instruction:
Generate a pytest test suite for the following code.
Only write unit tests between the tokens `<START_TESTS>` and `<END_TESTS>`
 . The function is provided below: Function definition: 
 from typing import List


def separate_paren_groups(paren_string: str) -> List[str]:
    """ Input to this function is a string containing multiple groups of nested parentheses. Your goal is to
    separate those group into separate strings and return the list of those.
    Separate groups are balanced (each open brace is properly closed) and not nested within each other
    Ignore any spaces in the input string.
    >>> separate_paren_groups('( ) (( )) (( )( ))')
    ['()', '(())', '(()())']
    """
    result = []
    current_string = []
    current_depth = 0

    for c in paren_string:
        if c == '(':
            current_depth += 1
            current_string.append(c)
        elif c == ')':
            current_depth -= 1
            current_string.append(c)

            if current_depth == 0:
                result.append(''.join(current_string))
                current_string.clear()

    return result

response:

coverage:
0
Function definition written to ./Coverage/vanilla/HumanEval/81/function.py
No test cases found between <START_TESTS> and <END_TESTS> tokens.
Test written to ./Coverage/vanilla/HumanEval/81/81_test.py
Total Coverage: 0%
Task_ID HumanEval/81:
prompt:
You are an AI programming assistant. You are an AI programming assistant, utilizing the DeepSeek Coder model, developed by DeepSeek Company, and you only answer questions related to computer science. For politically sensitive questions, security and privacy issues, and other non-computer science questions, you will refuse to answer.
### Instruction:
Generate a pytest test suite for the following code.
Only write unit tests between the tokens `<START_TESTS>` and `<END_TESTS>`
 . The function is provided below: Function definition: 
 
def numerical_letter_grade(grades):
    """It is the last week of the semester and the teacher has to give the grades
    to students. The teacher has been making her own algorithm for grading.
    The only problem is, she has lost the code she used for grading.
    She has given you a list of GPAs for some students and you have to write 
    a function that can output a list of letter grades using the following table:
             GPA       |    Letter grade
              4.0                A+
            > 3.7                A 
            > 3.3                A- 
            > 3.0                B+
            > 2.7                B 
            > 2.3                B-
            > 2.0                C+
            > 1.7                C
            > 1.3                C-
            > 1.0                D+ 
            > 0.7                D 
            > 0.0                D-
              0.0                E
    

    Example:
    grade_equation([4.0, 3, 1.7, 2, 3.5]) ==> ['A+', 'B', 'C-', 'C', 'A-']
    """

   
    letter_grade = []
    for gpa in grades:
        if gpa == 4.0:
            letter_grade.append("A+")
        elif gpa > 3.7:
            letter_grade.append("A")
        elif gpa > 3.3:
            letter_grade.append("A-")
        elif gpa > 3.0:
            letter_grade.append("B+")
        elif gpa > 2.7:
            letter_grade.append("B")
        elif gpa > 2.3:
            letter_grade.append("B-")
        elif gpa > 2.0:
            letter_grade.append("C+")
        elif gpa > 1.7:
            letter_grade.append("C")
        elif gpa > 1.3:
            letter_grade.append("C-")
        elif gpa > 1.0:
            letter_grade.append("D+")
        elif gpa > 0.7:
            letter_grade.append("D")
        elif gpa > 0.0:
            letter_grade.append("D-")
        else:
            letter_grade.append("E")
    return letter_grade

response:
<END_TESTS>`

coverage:
0
Function definition written to ./Coverage/vanilla/HumanEval/67/function.py
def test_fruit_distribution():
    assert fruit_distribution("5 apples and 6 oranges", 19) == 8
    assert fruit_distribution("0 apples and 1 oranges",3) == 2
    assert fruitdistribution("2 apples and 3 oranges", 100) == 95
    assert fruit_distribution("100 apples and 1 oranges",120) == 19
Test written to ./Coverage/vanilla/HumanEval/67/67_test.py
Total Coverage: 100%
Task_ID HumanEval/67:
prompt:
You are an AI programming assistant. You are an AI programming assistant, utilizing the DeepSeek Coder model, developed by DeepSeek Company, and you only answer questions related to computer science. For politically sensitive questions, security and privacy issues, and other non-computer science questions, you will refuse to answer.
### Instruction:
Generate a pytest test suite for the following code.
Only write unit tests between the tokens `<START_TESTS>` and `<END_TESTS>`
 . The function is provided below: Function definition: 
 
def fruit_distribution(s,n):
    """
    In this task, you will be given a string that represents a number of apples and oranges 
    that are distributed in a basket of fruit this basket contains 
    apples, oranges, and mango fruits. Given the string that represents the total number of 
    the oranges and apples and an integer that represent the total number of the fruits 
    in the basket return the number of the mango fruits in the basket.
    for examble:
    fruit_distribution("5 apples and 6 oranges", 19) ->19 - 5 - 6 = 8
    fruit_distribution("0 apples and 1 oranges",3) -> 3 - 0 - 1 = 2
    fruit_distribution("2 apples and 3 oranges", 100) -> 100 - 2 - 3 = 95
    fruit_distribution("100 apples and 1 oranges",120) -> 120 - 100 - 1 = 19
    """
    lis = list()
    for i in s.split(' '):
        if i.isdigit():
            lis.append(int(i))
    return n - sum(lis)

response:

<START_TESTS>
def test_fruit_distribution():
    assert fruit_distribution("5 apples and 6 oranges", 19) == 8
    assert fruit_distribution("0 apples and 1 oranges",3) == 2
    assert fruitdistribution("2 apples and 3 oranges", 100) == 95
    assert fruit_distribution("100 apples and 1 oranges",120) == 19
<END_TESTS>

coverage:
100
Function definition written to ./Coverage/vanilla/HumanEval/37/function.py

Test written to ./Coverage/vanilla/HumanEval/37/37_test.py
Total Coverage: 10%
Task_ID HumanEval/37:
prompt:
You are an AI programming assistant. You are an AI programming assistant, utilizing the DeepSeek Coder model, developed by DeepSeek Company, and you only answer questions related to computer science. For politically sensitive questions, security and privacy issues, and other non-computer science questions, you will refuse to answer.
### Instruction:
Generate a pytest test suite for the following code.
Only write unit tests between the tokens `<START_TESTS>` and `<END_TESTS>`
 . The function is provided below: Function definition: 
 

def sort_even(l: list):
    """This function takes a list l and returns a list l' such that
    l' is identical to l in the odd indicies, while its values at the even indicies are equal
    to the values of the even indicies of l, but sorted.
    >>> sort_even([1, 2, 3])
    [1, 2, 3]
    >>> sort_even([5, 6, 3, 4])
    [3, 6, 5, 4]
    """
    evens = l[::2]
    odds = l[1::2]
    evens.sort()
    ans = []
    for e, o in zip(evens, odds):
        ans.extend([e, o])
    if len(evens) > len(odds):
        ans.append(evens[-1])
    return ans

response:


<START_TESTS>



<END_TESTS>

coverage:
10
Function definition written to ./Coverage/vanilla/HumanEval/3/function.py

Test written to ./Coverage/vanilla/HumanEval/3/3_test.py
Total Coverage: 25%
Task_ID HumanEval/3:
prompt:
You are an AI programming assistant. You are an AI programming assistant, utilizing the DeepSeek Coder model, developed by DeepSeek Company, and you only answer questions related to computer science. For politically sensitive questions, security and privacy issues, and other non-computer science questions, you will refuse to answer.
### Instruction:
Generate a pytest test suite for the following code.
Only write unit tests between the tokens `<START_TESTS>` and `<END_TESTS>`
 . The function is provided below: Function definition: 
 from typing import List


def below_zero(operations: List[int]) -> bool:
    """ You're given a list of deposit and withdrawal operations on a bank account that starts with
    zero balance. Your task is to detect if at any point the balance of account fallls below zero, and
    at that point function should return True. Otherwise it should return False.
    >>> below_zero([1, 2, 3])
    False
    >>> below_zero([1, 2, -4, 5])
    True
    """
    balance = 0

    for op in operations:
        balance += op
        if balance < 0:
            return True

    return False

response:


<START_TESTS>


<END_TESTS>

coverage:
25
Function definition written to ./Coverage/vanilla/HumanEval/54/function.py
# Write your tests here
Test written to ./Coverage/vanilla/HumanEval/54/54_test.py
Total Coverage: 50%
Task_ID HumanEval/54:
prompt:
You are an AI programming assistant. You are an AI programming assistant, utilizing the DeepSeek Coder model, developed by DeepSeek Company, and you only answer questions related to computer science. For politically sensitive questions, security and privacy issues, and other non-computer science questions, you will refuse to answer.
### Instruction:
Generate a pytest test suite for the following code.
Only write unit tests between the tokens `<START_TESTS>` and `<END_TESTS>`
 . The function is provided below: Function definition: 
 

def same_chars(s0: str, s1: str):
    """
    Check if two words have the same characters.
    >>> same_chars('eabcdzzzz', 'dddzzzzzzzddeddabc')
    True
    >>> same_chars('abcd', 'dddddddabc')
    True
    >>> same_chars('dddddddabc', 'abcd')
    True
    >>> same_chars('eabcd', 'dddddddabc')
    False
    >>> same_chars('abcd', 'dddddddabce')
    False
    >>> same_chars('eabcdzzzz', 'dddzzzzzzzddddabc')
    False
    """
    return set(s0) == set(s1)

response:

<START_TESTS>

# Write your tests here

<END_TESTS>

coverage:
50
Function definition written to ./Coverage/vanilla/HumanEval/21/function.py

Test written to ./Coverage/vanilla/HumanEval/21/21_test.py
Total Coverage: 40%
Task_ID HumanEval/21:
prompt:
You are an AI programming assistant. You are an AI programming assistant, utilizing the DeepSeek Coder model, developed by DeepSeek Company, and you only answer questions related to computer science. For politically sensitive questions, security and privacy issues, and other non-computer science questions, you will refuse to answer.
### Instruction:
Generate a pytest test suite for the following code.
Only write unit tests between the tokens `<START_TESTS>` and `<END_TESTS>`
 . The function is provided below: Function definition: 
 from typing import List


def rescale_to_unit(numbers: List[float]) -> List[float]:
    """ Given list of numbers (of at least two elements), apply a linear transform to that list,
    such that the smallest number will become 0 and the largest will become 1
    >>> rescale_to_unit([1.0, 2.0, 3.0, 4.0, 5.0])
    [0.0, 0.25, 0.5, 0.75, 1.0]
    """
    min_number = min(numbers)
    max_number = max(numbers)
    return [(x - min_number) / (max_number - min_number) for x in numbers]

response:


<START_TESTS>


<END_TESTS>

coverage:
40
Function definition written to ./Coverage/vanilla/HumanEval/151/function.py

Test written to ./Coverage/vanilla/HumanEval/151/151_test.py
Total Coverage: 50%
Task_ID HumanEval/151:
prompt:
You are an AI programming assistant. You are an AI programming assistant, utilizing the DeepSeek Coder model, developed by DeepSeek Company, and you only answer questions related to computer science. For politically sensitive questions, security and privacy issues, and other non-computer science questions, you will refuse to answer.
### Instruction:
Generate a pytest test suite for the following code.
Only write unit tests between the tokens `<START_TESTS>` and `<END_TESTS>`
 . The function is provided below: Function definition: 
 
def double_the_difference(lst):
    '''
    Given a list of numbers, return the sum of squares of the numbers
    in the list that are odd. Ignore numbers that are negative or not integers.
    
    double_the_difference([1, 3, 2, 0]) == 1 + 9 + 0 + 0 = 10
    double_the_difference([-1, -2, 0]) == 0
    double_the_difference([9, -2]) == 81
    double_the_difference([0]) == 0  
   
    If the input list is empty, return 0.
    '''
    return sum([i**2 for i in lst if i > 0 and i%2!=0 and "." not in str(i)])

response:


<START_TESTS>

<END_TESTS>

coverage:
50
Function definition written to ./Coverage/vanilla/HumanEval/29/function.py
import pytest

def test_filter_by_prefix_empty():
    assert filter_by_prefix([], 'a') == []

def test_filter_by_prefix_single_match():
    assert filter_by_prefix(['abc'], 'a') == ['abc']

def test_filter_by_prefix_multiple_matches():
    assert filter_by_prefix(['abc', 'bcd', 'cde', 'array'], 'a') == ['abc', 'array']

def test_filter_by_prefix_no_matches():
    assert filter_by_prefix(['bcd', 'cde', 'xyz'], 'a') == []
Test written to ./Coverage/vanilla/HumanEval/29/29_test.py
Total Coverage: 100%
Task_ID HumanEval/29:
prompt:
You are an AI programming assistant. You are an AI programming assistant, utilizing the DeepSeek Coder model, developed by DeepSeek Company, and you only answer questions related to computer science. For politically sensitive questions, security and privacy issues, and other non-computer science questions, you will refuse to answer.
### Instruction:
Generate a pytest test suite for the following code.
Only write unit tests between the tokens `<START_TESTS>` and `<END_TESTS>`
 . The function is provided below: Function definition: 
 from typing import List


def filter_by_prefix(strings: List[str], prefix: str) -> List[str]:
    """ Filter an input list of strings only for ones that start with a given prefix.
    >>> filter_by_prefix([], 'a')
    []
    >>> filter_by_prefix(['abc', 'bcd', 'cde', 'array'], 'a')
    ['abc', 'array']
    """
    return [x for x in strings if x.startswith(prefix)]

response:

<START_TESTS>

import pytest

def test_filter_by_prefix_empty():
    assert filter_by_prefix([], 'a') == []

def test_filter_by_prefix_single_match():
    assert filter_by_prefix(['abc'], 'a') == ['abc']

def test_filter_by_prefix_multiple_matches():
    assert filter_by_prefix(['abc', 'bcd', 'cde', 'array'], 'a') == ['abc', 'array']

def test_filter_by_prefix_no_matches():
    assert filter_by_prefix(['bcd', 'cde', 'xyz'], 'a') == []

<END_TESTS>

coverage:
100
Function definition written to ./Coverage/vanilla/HumanEval/30/function.py

Test written to ./Coverage/vanilla/HumanEval/30/30_test.py
Total Coverage: 50%
Task_ID HumanEval/30:
prompt:
You are an AI programming assistant. You are an AI programming assistant, utilizing the DeepSeek Coder model, developed by DeepSeek Company, and you only answer questions related to computer science. For politically sensitive questions, security and privacy issues, and other non-computer science questions, you will refuse to answer.
### Instruction:
Generate a pytest test suite for the following code.
Only write unit tests between the tokens `<START_TESTS>` and `<END_TESTS>`
 . The function is provided below: Function definition: 
 

def get_positive(l: list):
    """Return only positive numbers in the list.
    >>> get_positive([-1, 2, -4, 5, 6])
    [2, 5, 6]
    >>> get_positive([5, 3, -5, 2, -3, 3, 9, 0, 123, 1, -10])
    [5, 3, 2, 3, 9, 123, 1]
    """
    return [e for e in l if e > 0]

response:


<START_TESTS>


<END_TESTS>

coverage:
50
Function definition written to ./Coverage/vanilla/HumanEval/56/function.py

Test written to ./Coverage/vanilla/HumanEval/56/56_test.py
Total Coverage: 11%
Task_ID HumanEval/56:
prompt:
You are an AI programming assistant. You are an AI programming assistant, utilizing the DeepSeek Coder model, developed by DeepSeek Company, and you only answer questions related to computer science. For politically sensitive questions, security and privacy issues, and other non-computer science questions, you will refuse to answer.
### Instruction:
Generate a pytest test suite for the following code.
Only write unit tests between the tokens `<START_TESTS>` and `<END_TESTS>`
 . The function is provided below: Function definition: 
 

def correct_bracketing(brackets: str):
    """ brackets is a string of "<" and ">".
    return True if every opening bracket has a corresponding closing bracket.

    >>> correct_bracketing("<")
    False
    >>> correct_bracketing("<>")
    True
    >>> correct_bracketing("<<><>>")
    True
    >>> correct_bracketing("><<>")
    False
    """
    depth = 0
    for b in brackets:
        if b == "<":
            depth += 1
        else:
            depth -= 1
        if depth < 0:
            return False
    return depth == 0

response:


<START_TESTS>


<END_TESTS>

coverage:
11
Function definition written to ./Coverage/vanilla/HumanEval/108/function.py
No test cases found between <START_TESTS> and <END_TESTS> tokens.
Test written to ./Coverage/vanilla/HumanEval/108/108_test.py
Total Coverage: 0%
Task_ID HumanEval/108:
prompt:
You are an AI programming assistant. You are an AI programming assistant, utilizing the DeepSeek Coder model, developed by DeepSeek Company, and you only answer questions related to computer science. For politically sensitive questions, security and privacy issues, and other non-computer science questions, you will refuse to answer.
### Instruction:
Generate a pytest test suite for the following code.
Only write unit tests between the tokens `<START_TESTS>` and `<END_TESTS>`
 . The function is provided below: Function definition: 
 
def count_nums(arr):
    """
    Write a function count_nums which takes an array of integers and returns
    the number of elements which has a sum of digits > 0.
    If a number is negative, then its first signed digit will be negative:
    e.g. -123 has signed digits -1, 2, and 3.
    >>> count_nums([]) == 0
    >>> count_nums([-1, 11, -11]) == 1
    >>> count_nums([1, 1, 2]) == 3
    """
    def digits_sum(n):
        neg = 1
        if n < 0: n, neg = -1 * n, -1 
        n = [int(i) for i in str(n)]
        n[0] = n[0] * neg
        return sum(n)
    return len(list(filter(lambda x: x > 0, [digits_sum(i) for i in arr])))

response:






































































































































































































































































































































































































































































































































































































































































































































































































































































































































































































































































































































































































































































































































































































































































































































































































































































































coverage:
0
Function definition written to ./Coverage/vanilla/HumanEval/110/function.py
No test cases found between <START_TESTS> and <END_TESTS> tokens.
Test written to ./Coverage/vanilla/HumanEval/110/110_test.py
Total Coverage: 0%
Task_ID HumanEval/110:
prompt:
You are an AI programming assistant. You are an AI programming assistant, utilizing the DeepSeek Coder model, developed by DeepSeek Company, and you only answer questions related to computer science. For politically sensitive questions, security and privacy issues, and other non-computer science questions, you will refuse to answer.
### Instruction:
Generate a pytest test suite for the following code.
Only write unit tests between the tokens `<START_TESTS>` and `<END_TESTS>`
 . The function is provided below: Function definition: 
 
def exchange(lst1, lst2):
    """In this problem, you will implement a function that takes two lists of numbers,
    and determines whether it is possible to perform an exchange of elements
    between them to make lst1 a list of only even numbers.
    There is no limit on the number of exchanged elements between lst1 and lst2.
    If it is possible to exchange elements between the lst1 and lst2 to make
    all the elements of lst1 to be even, return "YES".
    Otherwise, return "NO".
    For example:
    exchange([1, 2, 3, 4], [1, 2, 3, 4]) => "YES"
    exchange([1, 2, 3, 4], [1, 5, 3, 4]) => "NO"
    It is assumed that the input lists will be non-empty.
    """
    odd = 0
    even = 0
    for i in lst1:
        if i%2 == 1:
            odd += 1
    for i in lst2:
        if i%2 == 0:
            even += 1
    if even >= odd:
        return "YES"
    return "NO"
            

response:

<START_TESTS>

def test_exchange():
    assert exchange([1, 2, 3, 4], [1, 2, 3, 4]) == "YES"
    assert exchange([1, 2, 3, 4], [1, 5, 3, 4]) == "NO"
    assert exchange([2, 2, 2, 2], [1, 1, 1, 1]) == "YES"
    assert exchange([1, 1, 1, 1], [2, 2, 2, 2]) == "YES"
    assert exchange([2, 2, 2, 2], [2, 2, 2, 2]) == "YES"
    assert exchange([1, 1, 1, 1], [1, 1, 1, 1]) == "NO"
    assert exchange([2, 4, 6, 8], [1, 3, 5, 7]) == "YES"
    assert exchange([1, 3, 5, 7], [2, 4, 6, 8]) == "YES"
    assert exchange([2, 4, 6, 8], [2, 4, 6, 8]) == "YES"
    assert exchange([1, 3, 5, 7], [1, 3, 5, 7]) == "NO"
    assert exchange([2, 2, 2, 2], [2, 2, 2, 2]) == "YES"
    assert exchange([1, 1, 1, 1], [1, 1, 1, 1]) == "NO"
    assert exchange([2, 4, 6, 8], [2, 4, 6, 8]) == "YES"
    assert exchange([1, 1, 1, 1], [1, 1, 1, 1]) == "NO"
    assert exchange([2, 2, 2, 2], [2, 2, 2, 2]) == "YES"
    assert exchange([1, 3, 5, 7], [1, 3, 5, 7]) == "NO"
    assert exchange([2, 4, 6, 8], [2, 4, 6, 8]) == "YES"
    assert exchange([1, 1, 1, 1], [1, 1, 1, 1]) == "NO"
    assert exchange([2, 2, 2, 2], [2, 2, 2, 2]) == "YES"
    assert exchange([1, 3, 5, 7], [1, 3, 5, 7]) == "NO"
    assert exchange([2, 4, 6, 8], [2, 4, 6, 8]) == "YES"
    assert exchange([1, 1, 1, 1], [1, 1, 1, 1]) == "NO"
    assert exchange([2, 2, 2, 2], [2, 2, 2, 2]) == "YES"
    assert exchange([1, 3, 5, 7], [1, 3, 5, 7]) == "NO"
    assert exchange([2, 4, 6, 8], [2, 4, 6, 8]) == "YES"
    assert exchange([1, 1, 1, 1], [1, 1, 1, 1]) == "NO"
    assert exchange([2, 2, 2, 2], [2, 2, 2, 2]) == "YES"
    assert exchange([1, 3, 5, 7], [1, 3, 5, 7]) == "NO"
    assert exchange([2, 4, 6, 8], [2, 4, 6, 8]) == "YES"
    assert exchange([1, 1, 1, 1], [1, 1, 1, 1]) == "NO"
    assert exchange([2, 2, 2, 2], [2, 2, 2, 2]) == "YES"
    assert exchange([1, 3, 5, 7], [1, 3, 5, 7]) == "NO"
    assert exchange([2, 4, 6, 8], [2, 4, 6, 8]) == "YES"
    assert exchange([1, 1, 1, 1], [1, 1, 1, 1]) == "NO"
    assert exchange([2, 2, 2, 2], [2, 2, 2, 2]) == "YES"
    assert exchange([1, 3, 5, 7], [1, 3, 5, 7]) == "NO"
    assert exchange([2, 4, 6, 8], [2, 4, 6, 8]) == "YES"
    assert exchange([1, 1, 1, 1], [1, 1, 1, 1]) == "NO"
    assert exchange([2, 2, 2, 2], [2, 2, 2, 2]) == "YES"
    assert exchange([1, 3, 5, 7], [1, 3, 5, 7]) == "NO"
    assert exchange([2, 4, 6, 8], [2, 4, 6, 8]) == "YES"
    assert exchange([1, 1, 1, 1], [1, 1, 1, 1]) == "NO"
    assert exchange([2, 2, 2, 2], [2, 2, 2, 2]) == "YES"
    assert exchange([1, 3, 5, 7], [1, 3, 5, 7]) == "NO"
    assert exchange([2, 4, 6, 8], [2, 4, 6, 8]) == "YES"
    assert exchange([1, 1, 1, 1], [1, 1, 1, 1]) == "NO"
    assert exchange([2, 2, 2, 2], [2, 2, 2, 2]) == "YES"
    assert exchange([1, 3, 5, 7], [1, 3, 5, 7]) == "NO"
    assert exchange([2,
coverage:
0
Function definition written to ./Coverage/vanilla/HumanEval/63/function.py
def test_fibfib():
    assert fibfib(0) == 0
    assert fibfib(1) == 0
    assert fibfib(2) == 1
    assert fibfib(3) == 1
    assert fibfib(4) == 2
    assert fibfib(5) == 4
    assert fibfib(6) == 8
    assert fibfib(7) == 15
    assert fibfib(8) == 29
    assert fibfib(9) == 56
    assert fibfib(10) == 120
Test written to ./Coverage/vanilla/HumanEval/63/63_test.py
Total Coverage: 100%
Task_ID HumanEval/63:
prompt:
You are an AI programming assistant. You are an AI programming assistant, utilizing the DeepSeek Coder model, developed by DeepSeek Company, and you only answer questions related to computer science. For politically sensitive questions, security and privacy issues, and other non-computer science questions, you will refuse to answer.
### Instruction:
Generate a pytest test suite for the following code.
Only write unit tests between the tokens `<START_TESTS>` and `<END_TESTS>`
 . The function is provided below: Function definition: 
 

def fibfib(n: int):
    """The FibFib number sequence is a sequence similar to the Fibbonacci sequnece that's defined as follows:
    fibfib(0) == 0
    fibfib(1) == 0
    fibfib(2) == 1
    fibfib(n) == fibfib(n-1) + fibfib(n-2) + fibfib(n-3).
    Please write a function to efficiently compute the n-th element of the fibfib number sequence.
    >>> fibfib(1)
    0
    >>> fibfib(5)
    4
    >>> fibfib(8)
    24
    """
    if n == 0:
        return 0
    if n == 1:
        return 0
    if n == 2:
        return 1
    return fibfib(n - 1) + fibfib(n - 2) + fibfib(n - 3)

response:

<START_TESTS>

def test_fibfib():
    assert fibfib(0) == 0
    assert fibfib(1) == 0
    assert fibfib(2) == 1
    assert fibfib(3) == 1
    assert fibfib(4) == 2
    assert fibfib(5) == 4
    assert fibfib(6) == 8
    assert fibfib(7) == 15
    assert fibfib(8) == 29
    assert fibfib(9) == 56
    assert fibfib(10) == 120
<END_TESTS>

coverage:
100
Function definition written to ./Coverage/vanilla/HumanEval/19/function.py
import pytest

def test_sort_numbers():
    assert sort_numbers('three one five') == 'one three five'
    assert sort_numbers('nine eight seven') == 'seven eight nine'
    assert sort_numbers('four six two') == 'two four six'
    assert sort_numbers('') == ''
    assert sort_numbers('zero one two three four five six seven eight nine') == 'zero one two three four five six seven eight nine'
Test written to ./Coverage/vanilla/HumanEval/19/19_test.py
Total Coverage: 100%
Task_ID HumanEval/19:
prompt:
You are an AI programming assistant. You are an AI programming assistant, utilizing the DeepSeek Coder model, developed by DeepSeek Company, and you only answer questions related to computer science. For politically sensitive questions, security and privacy issues, and other non-computer science questions, you will refuse to answer.
### Instruction:
Generate a pytest test suite for the following code.
Only write unit tests between the tokens `<START_TESTS>` and `<END_TESTS>`
 . The function is provided below: Function definition: 
 from typing import List


def sort_numbers(numbers: str) -> str:
    """ Input is a space-delimited string of numberals from 'zero' to 'nine'.
    Valid choices are 'zero', 'one', 'two', 'three', 'four', 'five', 'six', 'seven', 'eight' and 'nine'.
    Return the string with numbers sorted from smallest to largest
    >>> sort_numbers('three one five')
    'one three five'
    """
    value_map = {
        'zero': 0,
        'one': 1,
        'two': 2,
        'three': 3,
        'four': 4,
        'five': 5,
        'six': 6,
        'seven': 7,
        'eight': 8,
        'nine': 9
    }
    return ' '.join(sorted([x for x in numbers.split(' ') if x], key=lambda x: value_map[x]))

response:

<START_TESTS>

import pytest

def test_sort_numbers():
    assert sort_numbers('three one five') == 'one three five'
    assert sort_numbers('nine eight seven') == 'seven eight nine'
    assert sort_numbers('four six two') == 'two four six'
    assert sort_numbers('') == ''
    assert sort_numbers('zero one two three four five six seven eight nine') == 'zero one two three four five six seven eight nine'

<END_TESTS>

coverage:
100
Function definition written to ./Coverage/vanilla/HumanEval/124/function.py
def test_valid_date():
    assert valid_date('03-11-2000') == True
    assert valid_date('15-01-22012') == False
    assert valid_date('04-0-2040') == False
    assert valid_date('06-04-2020') == True
    assert valid_date('06/04/2020') == False
Test written to ./Coverage/vanilla/HumanEval/124/124_test.py
Total Coverage: 88%
Task_ID HumanEval/124:
prompt:
You are an AI programming assistant. You are an AI programming assistant, utilizing the DeepSeek Coder model, developed by DeepSeek Company, and you only answer questions related to computer science. For politically sensitive questions, security and privacy issues, and other non-computer science questions, you will refuse to answer.
### Instruction:
Generate a pytest test suite for the following code.
Only write unit tests between the tokens `<START_TESTS>` and `<END_TESTS>`
 . The function is provided below: Function definition: 
 
def valid_date(date):
    """You have to write a function which validates a given date string and
    returns True if the date is valid otherwise False.
    The date is valid if all of the following rules are satisfied:
    1. The date string is not empty.
    2. The number of days is not less than 1 or higher than 31 days for months 1,3,5,7,8,10,12. And the number of days is not less than 1 or higher than 30 days for months 4,6,9,11. And, the number of days is not less than 1 or higher than 29 for the month 2.
    3. The months should not be less than 1 or higher than 12.
    4. The date should be in the format: mm-dd-yyyy

    for example: 
    valid_date('03-11-2000') => True

    valid_date('15-01-2012') => False

    valid_date('04-0-2040') => False

    valid_date('06-04-2020') => True

    valid_date('06/04/2020') => False
    """
    try:
        date = date.strip()
        month, day, year = date.split('-')
        month, day, year = int(month), int(day), int(year)
        if month < 1 or month > 12:
            return False
        if month in [1,3,5,7,8,10,12] and day < 1 or day > 31:
            return False
        if month in [4,6,9,11] and day < 1 or day > 30:
            return False
        if month == 2 and day < 1 or day > 29:
            return False
    except:
        return False

    return True

response:


<START_TESTS>

def test_valid_date():
    assert valid_date('03-11-2000') == True
    assert valid_date('15-01-22012') == False
    assert valid_date('04-0-2040') == False
    assert valid_date('06-04-2020') == True
    assert valid_date('06/04/2020') == False

<END_TESTS>

coverage:
88
Function definition written to ./Coverage/vanilla/HumanEval/82/function.py
def test_prime_length():
    assert prime_length('Hello') == True
    assert prime_length('abcdcba') == True
    assert prime_length('kittens') == True
    assert prime_length('orange') == False
    assert prime_length('') == False
    assert prime_length('a') == False
Test written to ./Coverage/vanilla/HumanEval/82/82_test.py
Total Coverage: 100%
Task_ID HumanEval/82:
prompt:
You are an AI programming assistant. You are an AI programming assistant, utilizing the DeepSeek Coder model, developed by DeepSeek Company, and you only answer questions related to computer science. For politically sensitive questions, security and privacy issues, and other non-computer science questions, you will refuse to answer.
### Instruction:
Generate a pytest test suite for the following code.
Only write unit tests between the tokens `<START_TESTS>` and `<END_TESTS>`
 . The function is provided below: Function definition: 
 
def prime_length(string):
    """Write a function that takes a string and returns True if the string
    length is a prime number or False otherwise
    Examples
    prime_length('Hello') == True
    prime_length('abcdcba') == True
    prime_length('kittens') == True
    prime_length('orange') == False
    """
    l = len(string)
    if l == 0 or l == 1:
        return False
    for i in range(2, l):
        if l % i == 0:
            return False
    return True

response:


<START_TESTS>

def test_prime_length():
    assert prime_length('Hello') == True
    assert prime_length('abcdcba') == True
    assert prime_length('kittens') == True
    assert prime_length('orange') == False
    assert prime_length('') == False
    assert prime_length('a') == False

<END_TESTS>

coverage:
100
Function definition written to ./Coverage/vanilla/HumanEval/27/function.py

Test written to ./Coverage/vanilla/HumanEval/27/27_test.py
Total Coverage: 50%
Task_ID HumanEval/27:
prompt:
You are an AI programming assistant. You are an AI programming assistant, utilizing the DeepSeek Coder model, developed by DeepSeek Company, and you only answer questions related to computer science. For politically sensitive questions, security and privacy issues, and other non-computer science questions, you will refuse to answer.
### Instruction:
Generate a pytest test suite for the following code.
Only write unit tests between the tokens `<START_TESTS>` and `<END_TESTS>`
 . The function is provided below: Function definition: 
 

def flip_case(string: str) -> str:
    """ For a given string, flip lowercase characters to uppercase and uppercase to lowercase.
    >>> flip_case('Hello')
    'hELLO'
    """
    return string.swapcase()

response:


<START_TESTS>


<END_TESTS>

coverage:
50
Working with  prompt type True...
CompletedProcess(args=['pytest', 'Coverage/vanilla/HumanEval/107/107_test.py'], returncode=1, stdout=b'======================================= test session starts ========================================\nplatform linux -- Python 3.10.12, pytest-7.4.4, pluggy-1.5.0\nrootdir: /content/CS598JBR-Team-3/MP2\nplugins: cov-5.0.0, typeguard-4.3.0, anyio-3.7.1\ncollected 1 item\n\nCoverage/vanilla/HumanEval/107/107_test.py F                                                 [100%]\n\n============================================= FAILURES =============================================\n_____________________________________ test_even_odd_palindrome _____________________________________\n\n    def test_even_odd_palindrome():\n        assert even_odd_palindrome(3) == (1, 2)\n        assert even_odd_palindrome(12) == (4, 6)\n        assert even_odd_palindrome(1) == (0, 1)\n>       assert even_odd_palindrome(1000) == (247, 495)\nE       assert (48, 60) == (247, 495)\nE         At index 0 diff: 48 != 247\nE         Use -v to get more diff\n\nCoverage/vanilla/HumanEval/107/107_test.py:13: AssertionError\n===================================== short test summary info ======================================\nFAILED Coverage/vanilla/HumanEval/107/107_test.py::test_even_odd_palindrome - assert (48, 60) == ...\n======================================== 1 failed in 0.04s =========================================\n', stderr=b'')
CompletedProcess(args=['pytest', 'Coverage/vanilla/HumanEval/0/0_test.py'], returncode=5, stdout=b'======================================= test session starts ========================================\nplatform linux -- Python 3.10.12, pytest-7.4.4, pluggy-1.5.0\nrootdir: /content/CS598JBR-Team-3/MP2\nplugins: cov-5.0.0, typeguard-4.3.0, anyio-3.7.1\ncollected 0 items\n\n====================================== no tests ran in 0.01s =======================================\n', stderr=b'')
CompletedProcess(args=['pytest', 'Coverage/vanilla/HumanEval/1/1_test.py'], returncode=5, stdout=b'======================================= test session starts ========================================\nplatform linux -- Python 3.10.12, pytest-7.4.4, pluggy-1.5.0\nrootdir: /content/CS598JBR-Team-3/MP2\nplugins: cov-5.0.0, typeguard-4.3.0, anyio-3.7.1\ncollected 0 items\n\n====================================== no tests ran in 0.01s =======================================\n', stderr=b'')
CompletedProcess(args=['pytest', 'Coverage/vanilla/HumanEval/81/81_test.py'], returncode=5, stdout=b'======================================= test session starts ========================================\nplatform linux -- Python 3.10.12, pytest-7.4.4, pluggy-1.5.0\nrootdir: /content/CS598JBR-Team-3/MP2\nplugins: cov-5.0.0, typeguard-4.3.0, anyio-3.7.1\ncollected 0 items\n\n====================================== no tests ran in 0.01s =======================================\n', stderr=b'')
CompletedProcess(args=['pytest', 'Coverage/vanilla/HumanEval/67/67_test.py'], returncode=1, stdout=b'======================================= test session starts ========================================\nplatform linux -- Python 3.10.12, pytest-7.4.4, pluggy-1.5.0\nrootdir: /content/CS598JBR-Team-3/MP2\nplugins: cov-5.0.0, typeguard-4.3.0, anyio-3.7.1\ncollected 1 item\n\nCoverage/vanilla/HumanEval/67/67_test.py F                                                   [100%]\n\n============================================= FAILURES =============================================\n_____________________________________ test_fruit_distribution ______________________________________\n\n    def test_fruit_distribution():\n        assert fruit_distribution("5 apples and 6 oranges", 19) == 8\n        assert fruit_distribution("0 apples and 1 oranges",3) == 2\n>       assert fruitdistribution("2 apples and 3 oranges", 100) == 95\nE       NameError: name \'fruitdistribution\' is not defined\n\nCoverage/vanilla/HumanEval/67/67_test.py:12: NameError\n===================================== short test summary info ======================================\nFAILED Coverage/vanilla/HumanEval/67/67_test.py::test_fruit_distribution - NameError: name \'fruit...\n======================================== 1 failed in 0.04s =========================================\n', stderr=b'')
CompletedProcess(args=['pytest', 'Coverage/vanilla/HumanEval/37/37_test.py'], returncode=5, stdout=b'======================================= test session starts ========================================\nplatform linux -- Python 3.10.12, pytest-7.4.4, pluggy-1.5.0\nrootdir: /content/CS598JBR-Team-3/MP2\nplugins: cov-5.0.0, typeguard-4.3.0, anyio-3.7.1\ncollected 0 items\n\n====================================== no tests ran in 0.01s =======================================\n', stderr=b'')
CompletedProcess(args=['pytest', 'Coverage/vanilla/HumanEval/3/3_test.py'], returncode=5, stdout=b'======================================= test session starts ========================================\nplatform linux -- Python 3.10.12, pytest-7.4.4, pluggy-1.5.0\nrootdir: /content/CS598JBR-Team-3/MP2\nplugins: cov-5.0.0, typeguard-4.3.0, anyio-3.7.1\ncollected 0 items\n\n====================================== no tests ran in 0.01s =======================================\n', stderr=b'')
CompletedProcess(args=['pytest', 'Coverage/vanilla/HumanEval/54/54_test.py'], returncode=5, stdout=b'======================================= test session starts ========================================\nplatform linux -- Python 3.10.12, pytest-7.4.4, pluggy-1.5.0\nrootdir: /content/CS598JBR-Team-3/MP2\nplugins: cov-5.0.0, typeguard-4.3.0, anyio-3.7.1\ncollected 0 items\n\n====================================== no tests ran in 0.01s =======================================\n', stderr=b'')
CompletedProcess(args=['pytest', 'Coverage/vanilla/HumanEval/21/21_test.py'], returncode=5, stdout=b'======================================= test session starts ========================================\nplatform linux -- Python 3.10.12, pytest-7.4.4, pluggy-1.5.0\nrootdir: /content/CS598JBR-Team-3/MP2\nplugins: cov-5.0.0, typeguard-4.3.0, anyio-3.7.1\ncollected 0 items\n\n====================================== no tests ran in 0.01s =======================================\n', stderr=b'')
CompletedProcess(args=['pytest', 'Coverage/vanilla/HumanEval/151/151_test.py'], returncode=5, stdout=b'======================================= test session starts ========================================\nplatform linux -- Python 3.10.12, pytest-7.4.4, pluggy-1.5.0\nrootdir: /content/CS598JBR-Team-3/MP2\nplugins: cov-5.0.0, typeguard-4.3.0, anyio-3.7.1\ncollected 0 items\n\n====================================== no tests ran in 0.01s =======================================\n', stderr=b'')
CompletedProcess(args=['pytest', 'Coverage/vanilla/HumanEval/29/29_test.py'], returncode=0, stdout=b'======================================= test session starts ========================================\nplatform linux -- Python 3.10.12, pytest-7.4.4, pluggy-1.5.0\nrootdir: /content/CS598JBR-Team-3/MP2\nplugins: cov-5.0.0, typeguard-4.3.0, anyio-3.7.1\ncollected 4 items\n\nCoverage/vanilla/HumanEval/29/29_test.py ....                                                [100%]\n\n======================================== 4 passed in 0.02s =========================================\n', stderr=b'')
CompletedProcess(args=['pytest', 'Coverage/vanilla/HumanEval/30/30_test.py'], returncode=5, stdout=b'======================================= test session starts ========================================\nplatform linux -- Python 3.10.12, pytest-7.4.4, pluggy-1.5.0\nrootdir: /content/CS598JBR-Team-3/MP2\nplugins: cov-5.0.0, typeguard-4.3.0, anyio-3.7.1\ncollected 0 items\n\n====================================== no tests ran in 0.01s =======================================\n', stderr=b'')
CompletedProcess(args=['pytest', 'Coverage/vanilla/HumanEval/56/56_test.py'], returncode=5, stdout=b'======================================= test session starts ========================================\nplatform linux -- Python 3.10.12, pytest-7.4.4, pluggy-1.5.0\nrootdir: /content/CS598JBR-Team-3/MP2\nplugins: cov-5.0.0, typeguard-4.3.0, anyio-3.7.1\ncollected 0 items\n\n====================================== no tests ran in 0.01s =======================================\n', stderr=b'')
CompletedProcess(args=['pytest', 'Coverage/vanilla/HumanEval/108/108_test.py'], returncode=5, stdout=b'======================================= test session starts ========================================\nplatform linux -- Python 3.10.12, pytest-7.4.4, pluggy-1.5.0\nrootdir: /content/CS598JBR-Team-3/MP2\nplugins: cov-5.0.0, typeguard-4.3.0, anyio-3.7.1\ncollected 0 items\n\n====================================== no tests ran in 0.01s =======================================\n', stderr=b'')
CompletedProcess(args=['pytest', 'Coverage/vanilla/HumanEval/110/110_test.py'], returncode=5, stdout=b'======================================= test session starts ========================================\nplatform linux -- Python 3.10.12, pytest-7.4.4, pluggy-1.5.0\nrootdir: /content/CS598JBR-Team-3/MP2\nplugins: cov-5.0.0, typeguard-4.3.0, anyio-3.7.1\ncollected 0 items\n\n====================================== no tests ran in 0.01s =======================================\n', stderr=b'')
CompletedProcess(args=['pytest', 'Coverage/vanilla/HumanEval/63/63_test.py'], returncode=1, stdout=b'======================================= test session starts ========================================\nplatform linux -- Python 3.10.12, pytest-7.4.4, pluggy-1.5.0\nrootdir: /content/CS598JBR-Team-3/MP2\nplugins: cov-5.0.0, typeguard-4.3.0, anyio-3.7.1\ncollected 1 item\n\nCoverage/vanilla/HumanEval/63/63_test.py F                                                   [100%]\n\n============================================= FAILURES =============================================\n___________________________________________ test_fibfib ____________________________________________\n\n    def test_fibfib():\n        assert fibfib(0) == 0\n        assert fibfib(1) == 0\n        assert fibfib(2) == 1\n        assert fibfib(3) == 1\n        assert fibfib(4) == 2\n        assert fibfib(5) == 4\n>       assert fibfib(6) == 8\nE       assert 7 == 8\nE        +  where 7 = fibfib(6)\n\nCoverage/vanilla/HumanEval/63/63_test.py:16: AssertionError\n===================================== short test summary info ======================================\nFAILED Coverage/vanilla/HumanEval/63/63_test.py::test_fibfib - assert 7 == 8\n======================================== 1 failed in 0.06s =========================================\n', stderr=b'')
CompletedProcess(args=['pytest', 'Coverage/vanilla/HumanEval/19/19_test.py'], returncode=0, stdout=b'======================================= test session starts ========================================\nplatform linux -- Python 3.10.12, pytest-7.4.4, pluggy-1.5.0\nrootdir: /content/CS598JBR-Team-3/MP2\nplugins: cov-5.0.0, typeguard-4.3.0, anyio-3.7.1\ncollected 1 item\n\nCoverage/vanilla/HumanEval/19/19_test.py .                                                   [100%]\n\n======================================== 1 passed in 0.03s =========================================\n', stderr=b'')
CompletedProcess(args=['pytest', 'Coverage/vanilla/HumanEval/124/124_test.py'], returncode=0, stdout=b'======================================= test session starts ========================================\nplatform linux -- Python 3.10.12, pytest-7.4.4, pluggy-1.5.0\nrootdir: /content/CS598JBR-Team-3/MP2\nplugins: cov-5.0.0, typeguard-4.3.0, anyio-3.7.1\ncollected 1 item\n\nCoverage/vanilla/HumanEval/124/124_test.py .                                                 [100%]\n\n======================================== 1 passed in 0.02s =========================================\n', stderr=b'')
CompletedProcess(args=['pytest', 'Coverage/vanilla/HumanEval/82/82_test.py'], returncode=0, stdout=b'======================================= test session starts ========================================\nplatform linux -- Python 3.10.12, pytest-7.4.4, pluggy-1.5.0\nrootdir: /content/CS598JBR-Team-3/MP2\nplugins: cov-5.0.0, typeguard-4.3.0, anyio-3.7.1\ncollected 1 item\n\nCoverage/vanilla/HumanEval/82/82_test.py .                                                   [100%]\n\n======================================== 1 passed in 0.02s =========================================\n', stderr=b'')
CompletedProcess(args=['pytest', 'Coverage/vanilla/HumanEval/27/27_test.py'], returncode=5, stdout=b'======================================= test session starts ========================================\nplatform linux -- Python 3.10.12, pytest-7.4.4, pluggy-1.5.0\nrootdir: /content/CS598JBR-Team-3/MP2\nplugins: cov-5.0.0, typeguard-4.3.0, anyio-3.7.1\ncollected 0 items\n\n====================================== no tests ran in 0.01s =======================================\n', stderr=b'')
